chrome
libreoffice
openoffice
sumatra pdf
cutepdf
google drive desktop
onedrive
discord
thunderbird
7zip
peazip
java adoptopensdk x64 and x32 version 8 + x64 vers17.0.5 and x64 11.0.17 + all avail
NET framework 4.8 32 + NET 5,6,7 x64 and x32
handbrake video converter
gom video player
vlc
itunes
audacity
everything local file search engine
google earth
teamviewer
vnc server and client
blender
paint net
gimp
inkscape
screenshot
sharex
python3 x64 x32
notepad++
putty
winscp
winmerge
eclipse ide
visual studio